app/proguard-rules.pro
# Add project specific ProGuard rules here.
# You can control the set of applied configuration files using the
# proguardFiles setting in build.gradle.
#
# For more details, see
#   http://developer.android.com/guide/developing/tools/proguard.html

# If your project uses WebView with JS, uncomment the following
# and specify the fully qualified class name to the JavaScript interface
# class:
#-keepclassmembers class fqcn.of.javascript.interface.for.webview {
#   public *;
#}

# Uncomment this to preserve the line number information for
# debugging stack traces.
#-keepattributes SourceFile,LineNumberTable

# If you keep the line number information, uncomment this to
# hide the original source file name.
#-renamesourcefileattribute SourceFile


-keepclassmembers class com.example.myproject.model.** { *; }

-keep class com.google.gson.stream.** { *; }
# Proguard configuration for Jackson 2.x (fasterxml package instead of codehaus package)
-keep class com.fasterxml.jackson.databind.ObjectMapper {
    public <methods>;
    protected <methods>;
}

-keep class retrofit.** { *; }
-keep class com.fasterxml.jackson.databind.ObjectWriter {
    public ** writeValueAsString(**);
}
-keepnames class com.fasterxml.jackson.** { *; }
-dontwarn com.fasterxml.jackson.databind.**
# Okio
-keep class sun.misc.Unsafe { *; }
-dontwarn java.nio.file.*
-dontwarn org.codehaus.mojo.animal_sniffer.IgnoreJRERequirement
-dontwarn okio.**
# to prevent this error-> Unable to load publicsuffixes.gz resource from the classpath.
-keep class okhttp3.internal.publicsuffix.PublicSuffixDatabase


-keep class rx.schedulers.Schedulers {
    public static <methods>;
}
-keep class rx.schedulers.ImmediateScheduler {
    public <methods>;
}
-keep class rx.schedulers.TestScheduler {
    public <methods>;
}
-keep class rx.schedulers.Schedulers {
    public static ** test();
}
-keepclassmembers class rx.internal.util.unsafe.*ArrayQueue*Field* {
    long producerIndex;
    long consumerIndex;
}
-keepclassmembers class rx.internal.util.unsafe.BaseLinkedQueueProducerNodeRef {
    long producerNode;
    long consumerNode;
}

-keep class android.support.v7.widget.Toolbar { *** mMenuView; }
-keep class android.support.v7.widget.ActionMenuView { *** mPresenter; }
-keep class android.support.v7.widget.ActionMenuPresenter { *** mOverflowButton; }

-keep class com.revenuecat.purchases.** { *; }