app/build/outputs/mapping/release/seeds.txt
com.example.myproject.model.LoginRequest: LoginRequest(java.lang.String,java.lang.String)
com.example.myproject.model.CreateRequest: CreateRequest(java.lang.String,java.lang.String)
com.example.myproject.model.LoginRequest: void setPassword(java.lang.String)
com.example.myproject.model.RegisterRequest: java.lang.String email
com.example.myproject.model.UsersResponse: int getPer_page()
com.example.myproject.model.SingleUserResponse: com.example.myproject.model.User data
com.example.myproject.model.RegisterResponse: int getId()
com.example.myproject.model.User: void setId(int)
com.example.myproject.model.RegisterRequest: RegisterRequest(java.lang.String,java.lang.String)
com.example.myproject.model.User: void setEmail(java.lang.String)
com.example.myproject.model.SingleUserResponse: void setData(com.example.myproject.model.User)
com.example.myproject.model.LoginResponse
com.example.myproject.model.User: java.lang.String last_name
com.example.myproject.model.RegisterRequest
com.example.myproject.model.SingleUserResponse
com.example.myproject.model.UsersResponse: int per_page
com.example.myproject.model.SingleUserResponse: com.example.myproject.model.UserDetail ad
com.example.myproject.model.CreateRequest: void setName(java.lang.String)
com.example.myproject.model.CreateResponse: java.lang.String job
com.example.myproject.model.User: void setFirst_name(java.lang.String)
com.example.myproject.model.UsersResponse: int page
com.example.myproject.model.CreateRequest
com.example.myproject.ui.RegisterFragment
com.example.myproject.model.LoginRequest: java.lang.String email
com.example.myproject.model.User: java.lang.String email
com.example.myproject.model.CreateResponse: void setName(java.lang.String)
com.example.myproject.model.User: int id
com.example.myproject.model.RegisterResponse: void setToken(java.lang.String)
com.example.myproject.model.RegisterResponse: void setId(int)
com.example.myproject.model.CreateResponse: java.lang.String getId()
com.example.myproject.model.UsersResponse: java.util.List data
com.example.myproject.model.User: java.lang.String getAvatar()
com.example.myproject.model.User: int getId()
com.example.myproject.model.UserDetail
com.example.myproject.model.User: void setAvatar(java.lang.String)
com.example.myproject.ui.LoginFragment
com.example.myproject.ui.SingleUserFragment
com.example.myproject.model.RegisterResponse: java.lang.String getToken()
com.example.myproject.model.User: java.lang.String first_name
com.example.myproject.ui.SingleUserFragment: SingleUserFragment()
com.example.myproject.model.UserDetail: java.lang.String text
com.example.myproject.MainActivity
com.example.myproject.model.SingleUserResponse: SingleUserResponse(com.example.myproject.model.User,com.example.myproject.model.UserDetail)
com.example.myproject.ui.RegisterFragment: RegisterFragment()
com.example.myproject.model.LoginResponse: LoginResponse(java.lang.String)
com.example.myproject.model.RegisterResponse: RegisterResponse(int,java.lang.String)
com.example.myproject.model.User: User(int,java.lang.String,java.lang.String,java.lang.String,java.lang.String)
com.example.myproject.model.UsersResponse: int getTotal_pages()
com.example.myproject.model.User
com.example.myproject.model.RegisterRequest: void setEmail(java.lang.String)
com.example.myproject.model.LoginRequest: java.lang.String getEmail()
com.example.myproject.model.User: java.lang.String getFirst_name()
com.example.myproject.model.UsersResponse
com.example.myproject.model.SingleUserResponse: void setAd(com.example.myproject.model.UserDetail)
com.example.myproject.model.CreateRequest: java.lang.String job
com.example.myproject.model.UsersResponse: void setPer_page(int)
com.example.myproject.model.UsersResponse: int getTotal()
com.example.myproject.model.CreateResponse: java.lang.String getJob()
com.example.myproject.model.CreateRequest: void setJob(java.lang.String)
com.example.myproject.model.UsersResponse: int total
...
com.google.android.material.R$styleable: int Toolbar_subtitle
androidx.coordinatorlayout.widget.CoordinatorLayout: void setFitsSystemWindows(boolean)
com.google.android.material.R$styleable: int Chip_iconEndPadding
com.google.android.material.R$dimen: int item_touch_helper_swipe_escape_velocity
com.google.android.material.R$attr: int actionBarSize
com.google.android.material.R$dimen: int abc_text_size_display_2_material
com.google.android.material.R$styleable: int AppCompatSeekBar_tickMark
androidx.appcompat.R$styleable: int AppCompatTextHelper_android_drawableStart
androidx.navigation.fragment.R$id: int action_container
androidx.appcompat.R$style: int TextAppearance_AppCompat_Widget_PopupMenu_Small
androidx.navigation.common.R$styleable: int NavAction_popUpTo
androidx.core.R$styleable: int FontFamily_fontProviderCerts
com.google.android.material.R$style: int Base_Widget_AppCompat_Light_ActionBar_TabText
androidx.appcompat.R$drawable: int abc_btn_check_material
androidx.appcompat.R$styleable: int TextAppearance_fontVariationSettings
com.google.android.material.R$attr: int chipStyle
androidx.appcompat.R$attr: int buttonTint
androidx.navigation.fragment.R$styleable: int FragmentNavigator_android_name
androidx.navigation.fragment.R$id: int icon_group
androidx.versionedparcelable.ParcelImpl
androidx.core.R$id: int accessibility_custom_action_12
com.google.android.material.R$styleable: int MaterialButton_android_insetRight
com.google.android.material.R$style: int Widget_MaterialComponents_TabLayout_Colored
androidx.appcompat.R$drawable: int abc_list_focused_holo
com.mikhaellopez.circularimageview.R$styleable: int AlertDialog_listLayout
androidx.appcompat.R$id: int titleDividerNoCustom
androidx.navigation.R$id: int line3
androidx.appcompat.R$id: int accessibility_custom_action_4
androidx.appcompat.R$attr: int alertDialogTheme
androidx.constraintlayout.widget.R$styleable: int ConstraintSet_layout_constraintHeight_max
androidx.appcompat.R$drawable: int btn_checkbox_unchecked_mtrl
androidx.appcompat.R$color: int background_material_light
com.google.android.material.R$dimen: int mtrl_btn_z
com.google.android.material.R$id: int filled
com.google.android.material.circularreveal.cardview.CircularRevealCardView: int getCircularRevealScrimColor()
androidx.constraintlayout.widget.R$styleable: int ConstraintSet_layout_constrainedHeight
androidx.appcompat.widget.ContentFrameLayout: ContentFrameLayout(android.content.Context,android.util.AttributeSet)
androidx.transition.R$id: int chronometer
androidx.coordinatorlayout.R$styleable: int[] FontFamilyFont
androidx.appcompat.R$attr: int editTextBackground
com.google.android.material.R$styleable: int AppCompatTheme_actionBarItemBackground
androidx.appcompat.resources.R$styleable: int ColorStateListItem_android_alpha
androidx.appcompat.R$styleable: int AppCompatTheme_dropdownListPreferredItemHeight
androidx.recyclerview.R$styleable: int FontFamily_fontProviderPackage
com.google.android.material.R$styleable: int RecyclerView_spanCount
com.google.gson.stream.JsonToken: com.google.gson.stream.JsonToken END_DOCUMENT
androidx.appcompat.R$style: int Widget_AppCompat_Light_ActionBar_TabView_Inverse
androidx.appcompat.R$style: int Widget_AppCompat_Light_ActivityChooserView
com.mikhaellopez.circularimageview.R$styleable: int AppCompatTheme_editTextStyle
com.mikhaellopez.circularimageview.R$styleable: int[] RecycleListView
androidx.navigation.common.R$styleable: int NavAction_popExitAnim
androidx.appcompat.R$style: int TextAppearance_AppCompat_Menu
com.google.android.material.R$id: int chronometer
com.google.android.material.R$string: int path_password_strike_through
com.google.android.material.R$integer: int config_tooltipAnimTime
androidx.navigation.R$id: int accessibility_custom_action_7
androidx.appcompat.R$styleable: int FontFamilyFont_android_fontWeight
com.google.android.material.R$style: int Theme_MaterialComponents_Light_DarkActionBar_Bridge