app/build/outputs/mapping/release/mapping.txt
# compiler: R8
# compiler_version: 2.0.74
# min_api: 16
# pg_map_id: 9545052
# common_typos_disable
com.example.myproject.DataBinderMapperImpl -> f.c.a.a:
    android.util.SparseIntArray INTERNAL_LAYOUT_ID_LOOKUP -> a
    java.util.List collectDependencies() -> a
    androidx.databinding.ViewDataBinding getDataBinder(androidx.databinding.DataBindingComponent,android.view.View,int) -> b
    androidx.databinding.ViewDataBinding getDataBinder(androidx.databinding.DataBindingComponent,android.view.View[],int) -> c
com.example.myproject.SplashActivity$1 -> com.example.myproject.SplashActivity$a:
    com.example.myproject.SplashActivity this$0 -> b
com.example.myproject.api.Api -> f.c.a.b.b:
    io.reactivex.Single register(com.example.myproject.model.RegisterRequest) -> a
    io.reactivex.Single create(com.example.myproject.model.CreateRequest) -> b
    io.reactivex.Single getSingleUser(int) -> c
    io.reactivex.Single login(com.example.myproject.model.LoginRequest) -> d
    io.reactivex.Single getUsers(int) -> e
com.example.myproject.api.Api$-CC -> f.c.a.b.a:
    1:1:void com.google.gson.GsonBuilder.<init>():0:0 -> a
    1:1:java.lang.Object com.example.myproject.api.RetrofitClient.buildApi(java.lang.String,java.lang.Class):0 -> a
    1:1:com.example.myproject.api.Api com.example.myproject.api.Api.getInstance():0 -> a
    2:2:com.google.gson.Gson com.google.gson.GsonBuilder.create():0:0 -> a
    2:2:java.lang.Object com.example.myproject.api.RetrofitClient.buildApi(java.lang.String,java.lang.Class):0 -> a
    2:2:com.example.myproject.api.Api com.example.myproject.api.Api.getInstance():0 -> a
    3:3:retrofit2.Platform retrofit2.Platform.get():0:0 -> a
    3:3:void retrofit2.Retrofit$Builder.<init>():0 -> a
    3:3:java.lang.Object com.example.myproject.api.RetrofitClient.buildApi(java.lang.String,java.lang.Class):0 -> a
    3:3:com.example.myproject.api.Api com.example.myproject.api.Api.getInstance():0 -> a
    4:4:void retrofit2.Retrofit$Builder.<init>(retrofit2.Platform):0:0 -> a
    4:4:void retrofit2.Retrofit$Builder.<init>():0 -> a
    4:4:java.lang.Object com.example.myproject.api.RetrofitClient.buildApi(java.lang.String,java.lang.Class):0 -> a
    4:4:com.example.myproject.api.Api com.example.myproject.api.Api.getInstance():0 -> a
    5:5:retrofit2.Retrofit$Builder retrofit2.Retrofit$Builder.baseUrl(java.lang.String):0:0 -> a
    5:5:java.lang.Object com.example.myproject.api.RetrofitClient.buildApi(java.lang.String,java.lang.Class):0 -> a
com.example.myproject.api.RetrofitClient -> f.c.a.b.c:
    okhttp3.OkHttpClient instance -> a
    1:1:okhttp3.logging.HttpLoggingInterceptor okhttp3.logging.HttpLoggingInterceptor.setLevel(okhttp3.logging.HttpLoggingInterceptor$Level):0:0 -> a
    1:1:okhttp3.OkHttpClient createClient():0 -> a
    2:2:okhttp3.OkHttpClient createClient():0:0 -> a
    3:3:okhttp3.OkHttpClient$Builder okhttp3.OkHttpClient$Builder.followRedirects(boolean):0:0 -> a
    3:3:okhttp3.OkHttpClient createClient():0 -> a
    4:4:okhttp3.OkHttpClient createClient():0:0 -> a
    5:5:okhttp3.OkHttpClient$Builder okhttp3.OkHttpClient$Builder.readTimeout(long,java.util.concurrent.TimeUnit):0:0 -> a
    5:5:okhttp3.OkHttpClient createClient():0 -> a
    6:6:okhttp3.OkHttpClient createClient():0:0 -> a
    7:7:okhttp3.OkHttpClient$Builder okhttp3.OkHttpClient$Builder.connectTimeout(long,java.util.concurrent.TimeUnit):0:0 -> a
    7:7:okhttp3.OkHttpClient createClient():0 -> a
    8:8:okhttp3.OkHttpClient createClient():0:0 -> a
    9:9:okhttp3.OkHttpClient$Builder okhttp3.OkHttpClient$Builder.writeTimeout(long,java.util.concurrent.TimeUnit):0:0 -> a
    9:9:okhttp3.OkHttpClient createClient():0 -> a
    10:10:okhttp3.OkHttpClient$Builder okhttp3.OkHttpClient$Builder.addInterceptor(okhttp3.Interceptor):0:0 -> a
    10:10:okhttp3.OkHttpClient createClient():0 -> a
    11:11:okhttp3.OkHttpClient okhttp3.OkHttpClient$Builder.build():0:0 -> a
    11:11:okhttp3.OkHttpClient createClient():0 -> a
...
androidx.core.graphics.TypefaceCompatBaseImpl$2 -> e.h.f.i:
    1:1:int androidx.core.content.res.FontResourcesParserCompat$FontFileResourceEntry.getWeight():0:0 -> a
    1:1:int getWeight(androidx.core.content.res.FontResourcesParserCompat$FontFileResourceEntry):0 -> a
    1:1:int getWeight(java.lang.Object):0 -> a
    1:1:boolean androidx.core.content.res.FontResourcesParserCompat$FontFileResourceEntry.isItalic():0:0 -> b
    1:1:boolean isItalic(androidx.core.content.res.FontResourcesParserCompat$FontFileResourceEntry):0 -> b
    1:1:boolean isItalic(java.lang.Object):0 -> b
androidx.core.graphics.TypefaceCompatBaseImpl$StyleExtractor -> e.h.f.h$b:
    int getWeight(java.lang.Object) -> a
    boolean isItalic(java.lang.Object) -> b
androidx.core.graphics.drawable.IconCompat -> androidx.core.graphics.drawable.IconCompat:
    android.graphics.PorterDuff$Mode DEFAULT_TINT_MODE -> j
    java.lang.String mTintModeStr -> i
    android.graphics.PorterDuff$Mode mTintMode -> h
    android.os.Parcelable mParcelable -> d
    java.lang.Object mObj1 -> b
    int mInt2 -> f
    android.content.res.ColorStateList mTintList -> g
    int mInt1 -> e
    byte[] mData -> c
    int mType -> a
    1:1:java.lang.String getResPackage():0:0 -> toString
    1:1:java.lang.String toString():0 -> toString
    2:2:java.lang.String getResPackage(android.graphics.drawable.Icon):0:0 -> toString
    2:2:java.lang.String getResPackage():0 -> toString
    2:2:java.lang.String toString():0 -> toString
    3:3:java.lang.String getResPackage():0:0 -> toString
    3:3:java.lang.String toString():0 -> toString
    4:4:java.lang.String toString():0:0 -> toString
    5:5:int getResId():0:0 -> toString
    5:5:java.lang.String toString():0 -> toString
    6:6:int getResId(android.graphics.drawable.Icon):0:0 -> toString
    6:6:int getResId():0 -> toString
    6:6:java.lang.String toString():0 -> toString
    7:7:int getResId():0:0 -> toString
    7:7:java.lang.String toString():0 -> toString
    8:8:java.lang.String toString():0:0 -> toString
    9:9:int getResId():0:0 -> toString
    9:9:java.lang.String toString():0 -> toString
    10:10:java.lang.String getResPackage():0:0 -> toString
    10:10:java.lang.String toString():0 -> toString
androidx.core.graphics.drawable.IconCompatParcelizer -> androidx.core.graphics.drawable.IconCompatParcelizer:
    1:1:byte[] androidx.versionedparcelable.VersionedParcel.readByteArray(byte[],int):0:0 -> read
    1:1:androidx.core.graphics.drawable.IconCompat read(androidx.versionedparcelable.VersionedParcel):0 -> read
    2:2:byte[] androidx.versionedparcelable.VersionedParcelParcel.readByteArray():0:0 -> read
    2:2:byte[] androidx.versionedparcelable.VersionedParcel.readByteArray(byte[],int):0 -> read
    2:2:androidx.core.graphics.drawable.IconCompat read(androidx.versionedparcelable.VersionedParcel):0 -> read
    3:3:androidx.core.graphics.drawable.IconCompat read(androidx.versionedparcelable.VersionedParcel):0:0 -> read
    4:4:java.lang.String androidx.versionedparcelable.VersionedParcel.readString(java.lang.String,int):0:0 -> read
    4:4:androidx.core.graphics.drawable.IconCompat read(androidx.versionedparcelable.VersionedParcel):0 -> read
    5:5:java.lang.String androidx.versionedparcelable.VersionedParcelParcel.readString():0:0 -> read
    5:5:java.lang.String androidx.versionedparcelable.VersionedParcel.readString(java.lang.String,int):0 -> read
    5:5:androidx.core.graphics.drawable.IconCompat read(androidx.versionedparcelable.VersionedParcel):0 -> read
    6:6:androidx.core.graphics.drawable.IconCompat read(androidx.versionedparcelable.VersionedParcel):0:0 -> read
    7:7:void androidx.core.graphics.drawable.IconCompat.onPostParceling():0:0 -> read
androidx.core.graphics.drawable.TintAwareDrawable -> e.h.f.j.a:
androidx.core.graphics.drawable.WrappedDrawable -> e.h.f.j.b:
    android.graphics.drawable.Drawable getWrappedDrawable() -> a
    void setWrappedDrawable(android.graphics.drawable.Drawable) -> b