app/build/outputs/mapping/release/usage.txt
com.example.myproject.DataBinderMapperImpl$InnerLayoutIdLookup
com.example.myproject.ui.CreateUserFragment:
    private static final java.lang.String TAG
com.example.myproject.ui.SingleUserFragmentArgs$1
com.example.myproject.R$color
com.example.myproject.R$navigation
com.example.myproject.ui.UsersFragmentDirections:
    private void <init>()
com.example.myproject.ui.SingleUserFragmentArgs:
    private void <init>(java.util.HashMap)
    static synthetic java.util.HashMap access$000(com.example.myproject.ui.SingleUserFragmentArgs)
    synthetic void <init>(java.util.HashMap,com.example.myproject.ui.SingleUserFragmentArgs$1)
    public android.os.Bundle toBundle()
com.example.myproject.R$interpolator
com.example.myproject.databinding.FragmentLoginBinding:
    public static com.example.myproject.databinding.FragmentLoginBinding inflate(android.view.LayoutInflater)
    public static com.example.myproject.databinding.FragmentLoginBinding inflate(android.view.LayoutInflater,java.lang.Object)
    public static com.example.myproject.databinding.FragmentLoginBinding bind(android.view.View)
    public static com.example.myproject.databinding.FragmentLoginBinding bind(android.view.View,java.lang.Object)
com.example.myproject.R$style
com.example.myproject.DataBinderMapperImpl$InnerBrLookup
com.example.myproject.ui.LoginFragment:
    private static final java.lang.String TAG
com.example.myproject.api.RetrofitClient:
    public static final java.lang.String BASE_URL
com.example.myproject.R$menu
com.example.myproject.R$bool
com.example.myproject.databinding.FragmentSingleUserBinding:
    public static com.example.myproject.databinding.FragmentSingleUserBinding inflate(android.view.LayoutInflater)
    public static com.example.myproject.databinding.FragmentSingleUserBinding inflate(android.view.LayoutInflater,java.lang.Object)
    public static com.example.myproject.databinding.FragmentSingleUserBinding bind(android.view.View)
    public static com.example.myproject.databinding.FragmentSingleUserBinding bind(android.view.View,java.lang.Object)
com.example.myproject.ui.SingleUserFragmentArgs$Builder
com.example.myproject.databinding.FragmentUsersBindingImpl:
    public boolean setVariable(int,java.lang.Object)
    protected boolean onFieldChange(int,java.lang.Object,int)
com.example.myproject.databinding.FragmentUsersBinding:
    public static com.example.myproject.databinding.FragmentUsersBinding inflate(android.view.LayoutInflater)
    public static com.example.myproject.databinding.FragmentUsersBinding inflate(android.view.LayoutInflater,java.lang.Object)
    public static com.example.myproject.databinding.FragmentUsersBinding bind(android.view.View)
    public static com.example.myproject.databinding.FragmentUsersBinding bind(android.view.View,java.lang.Object)
com.example.myproject.ui.UsersFragment:
    private static final java.lang.String TAG
com.example.myproject.R
com.example.myproject.R$attr
com.example.myproject.DataBinderMapperImpl:
    public int getLayoutId(java.lang.String)
    public java.lang.String convertBrIdToString(int)
    private static final int LAYOUT_FRAGMENTCREATEUSER
    private static final int LAYOUT_FRAGMENTLOGIN
    private static final int LAYOUT_FRAGMENTREGISTER
    private static final int LAYOUT_FRAGMENTSINGLEUSER
    private static final int LAYOUT_FRAGMENTUSERS
com.example.myproject.R$mipmap
com.example.myproject.DataBindingInfo
com.example.myproject.databinding.FragmentCreateUserBinding:
    public static com.example.myproject.databinding.FragmentCreateUserBinding inflate(android.view.LayoutInflater)
    public static com.example.myproject.databinding.FragmentCreateUserBinding inflate(android.view.LayoutInflater,java.lang.Object)
    public static com.example.myproject.databinding.FragmentCreateUserBinding bind(android.view.View)
    public static com.example.myproject.databinding.FragmentCreateUserBinding bind(android.view.View,java.lang.Object)
...
io.reactivex.internal.operators.flowable.FlowableWindowTimed
kotlin.LazyKt
androidx.core.content.res.ColorStateListInflaterCompat:
    private void <init>()
kotlin.collections.ShortIterator
io.reactivex.internal.operators.maybe.MaybeIgnoreElementCompletable$IgnoreMaybeObserver
io.reactivex.internal.util.NotificationLite
io.reactivex.internal.schedulers.SchedulerWhen
io.reactivex.internal.operators.single.SingleDelay$Delay$OnError
androidx.transition.FragmentTransitionSupport$4:
    public android.graphics.Rect onGetEpicenter(androidx.transition.Transition)
io.reactivex.FlowableOperator
io.reactivex.CompletableConverter
io.reactivex.internal.operators.flowable.FlowableReplay$SizeAndTimeBoundReplayBuffer
androidx.drawerlayout.widget.DrawerLayout$SimpleDrawerListener
androidx.core.database.DatabaseUtilsCompat
com.google.android.material.snackbar.BaseTransientBottomBar$7
com.google.android.material.appbar.AppBarLayout$Behavior:
    public synthetic bridge void setDragCallback(com.google.android.material.appbar.AppBarLayout$BaseBehavior$BaseDragCallback)
    public synthetic bridge int getLeftAndRightOffset()
    public synthetic bridge boolean setLeftAndRightOffset(int)
com.google.android.material.appbar.ViewUtilsLollipop:
    void <init>()
io.reactivex.functions.Function5
kotlin.collections.ArraysKt___ArraysKt$asSequence$$inlined$Sequence$1
okio.SegmentPool:
    static final long MAX_SIZE
io.reactivex.internal.operators.observable.ObservableRetryWhen$RepeatWhenObserver$InnerRepeatObserver
com.bumptech.glide.load.model.ByteBufferFileLoader$Factory:
    public void teardown()
kotlin.coroutines.ContinuationKt$Continuation$1
io.reactivex.internal.operators.single.SingleTimer$TimerDisposable
io.reactivex.internal.operators.parallel.ParallelFilter$BaseFilterSubscriber
kotlin.SynchronizedLazyImpl
okhttp3.internal.http.HttpHeaders:
    private void <init>()
    public static boolean varyMatches(okhttp3.Response,okhttp3.Headers,okhttp3.Request)
    public static boolean hasVaryAll(okhttp3.Response)
    public static boolean hasVaryAll(okhttp3.Headers)
    private static java.util.Set varyFields(okhttp3.Response)
    public static java.util.Set varyFields(okhttp3.Headers)
    public static okhttp3.Headers varyHeaders(okhttp3.Response)
    public static okhttp3.Headers varyHeaders(okhttp3.Headers,okhttp3.Headers)
    public static java.util.List parseChallenges(okhttp3.Headers,java.lang.String)
    private static void parseChallengeHeader(java.util.List,okio.Buffer)
    private static boolean skipWhitespaceAndCommas(okio.Buffer)
    private static int skipAll(okio.Buffer,byte)
    private static java.lang.String readQuotedString(okio.Buffer)
    private static java.lang.String readToken(okio.Buffer)
    private static java.lang.String repeat(char,int)
androidx.appcompat.view.menu.ListMenuPresenter:
    int getItemIndexOffset()
    public void setItemIndexOffset(int)
    public void saveHierarchyState(android.os.Bundle)
    public void restoreHierarchyState(android.os.Bundle)
    public void setId(int)
    public int getId()
    public android.os.Parcelable onSaveInstanceState()
    public void onRestoreInstanceState(android.os.Parcelable)
    private int mId
    private static final java.lang.String TAG
    public static final java.lang.String VIEWS_TAG
io.reactivex.internal.operators.completable.CompletableTimer$TimerDisposable
androidx.recyclerview.widget.GridLayoutManager:
    public void <init>(android.content.Context,int)
    public void <init>(android.content.Context,int,int,boolean)
    public void setSpanSizeLookup(androidx.recyclerview.widget.GridLayoutManager$SpanSizeLookup)
    public androidx.recyclerview.widget.GridLayoutManager$SpanSizeLookup getSpanSizeLookup()
    public int getSpanCount()
    private static final boolean DEBUG
    private static final java.lang.String TAG
    public static final int DEFAULT_SPAN_COUNT
androidx.navigation.ui.NavigationUI$3